<?xml version="1.0" encoding="UTF-8"?>
<!-- Generated by org.testng.reporters.JUnitXMLReporter -->
<testsuite hostname="Lenovo" failures="1" tests="1" name="A" time="25.552" errors="0" timestamp="14 Jan 2023 14:34:22 GMT">
  <testcase classname="test.Actitime_login_logout" name="login_logout" time="25.53">
    <failure type="java.lang.NullPointerException" message="Cannot invoke &amp;quot;org.openqa.selenium.TakesScreenshot.getScreenshotAs(org.openqa.selenium.OutputType)&amp;quot; because &amp;quot;ts&amp;quot; is null">
      <![CDATA[java.lang.NullPointerException: Cannot invoke "org.openqa.selenium.TakesScreenshot.getScreenshotAs(org.openqa.selenium.OutputType)" because "ts" is null
	at generics.Screen_Shot.onTestSuccess(Screen_Shot.java:20)
... Removed 21 stack frames]]>
    </failure>
  </testcase> <!-- login_logout -->
</testsuite> <!-- A -->
