<?xml version="1.0" encoding="UTF-8"?>
<testng-results ignored="0" total="1" passed="1" failed="0" skipped="0">
  <reporter-output>
    <line>
      <![CDATA[started execution 1st time]]>
    </line>
  </reporter-output>
  <suite started-at="2023-08-03T09:44:35 IST" name="Default suite" finished-at="2023-08-03T09:44:51 IST" duration-ms="15714">
    <groups>
    </groups>
    <test started-at="2023-08-03T09:44:35 IST" name="Default test" finished-at="2023-08-03T09:44:51 IST" duration-ms="15714">
      <class name="test.Actitime_login_logout">
        <test-method is-config="true" signature="executionstart()[pri:0, instance:test.Actitime_login_logout@6933b6c6]" started-at="2023-08-03T09:44:35 IST" name="executionstart" finished-at="2023-08-03T09:44:35 IST" duration-ms="10" status="PASS">
          <reporter-output>
            <line>
              <![CDATA[started execution 1st time]]>
            </line>
          </reporter-output>
        </test-method> <!-- executionstart -->
        <test-method is-config="true" signature="setup()[pri:0, instance:test.Actitime_login_logout@6933b6c6]" started-at="2023-08-03T09:44:35 IST" name="setup" finished-at="2023-08-03T09:44:44 IST" duration-ms="9292" status="PASS">
          <reporter-output>
          </reporter-output>
        </test-method> <!-- setup -->
        <test-method signature="login_logout()[pri:0, instance:test.Actitime_login_logout@6933b6c6]" started-at="2023-08-03T09:44:44 IST" name="login_logout" description="Login and Logout from Application" finished-at="2023-08-03T09:44:51 IST" duration-ms="6169" status="PASS">
          <reporter-output>
          </reporter-output>
        </test-method> <!-- login_logout -->
        <test-method is-config="true" signature="captureScreenshotOnFailure(org.testng.ITestResult)[pri:0, instance:test.Actitime_login_logout@6933b6c6]" started-at="2023-08-03T09:44:51 IST" name="captureScreenshotOnFailure" finished-at="2023-08-03T09:44:51 IST" duration-ms="2" status="PASS">
          <params>
            <param index="0">
              <value>
                <![CDATA[[TestResult name=login_logout status=SUCCESS method=Actitime_login_logout.login_logout()[pri:0, instance:test.Actitime_login_logout@6933b6c6] output={null}]]]>
              </value>
            </param>
          </params>
          <reporter-output>
          </reporter-output>
        </test-method> <!-- captureScreenshotOnFailure -->
        <test-method is-config="true" signature="teardown()[pri:0, instance:test.Actitime_login_logout@6933b6c6]" started-at="2023-08-03T09:44:51 IST" name="teardown" finished-at="2023-08-03T09:44:51 IST" duration-ms="217" status="PASS">
          <reporter-output>
          </reporter-output>
        </test-method> <!-- teardown -->
      </class> <!-- test.Actitime_login_logout -->
    </test> <!-- Default test -->
  </suite> <!-- Default suite -->
</testng-results>
