<?xml version="1.0" encoding="UTF-8"?>
<!-- Generated by org.testng.reporters.JUnitXMLReporter -->
<testsuite ignored="1" hostname="C6-LAB-092" failures="0" tests="2" name="Create customer" time="53.628" errors="0" timestamp="2023-07-31T10:54:23 IST">
  <testcase classname="test.Actitime_login_logout" name="login_logout" time="5.341"/>
  <testcase classname="test.Create_Customer" name="create__customner_" time="26.273"/>
  <testcase classname="generics.Base_test" name="@BeforeSuite executionstart" time="0.0">
    <ignored/>
  </testcase> <!-- @BeforeSuite executionstart -->
</testsuite> <!-- Create customer -->
